\BOOKMARK [1][-]{section.1}{Introduction}{}% 1
\BOOKMARK [1][-]{section.2}{M-Channel Critically Sampled Filter Bank}{}% 2
\BOOKMARK [1][-]{section.3}{Partitioning the Graph into Uniqueness Sets for Different Frequency Bands}{}% 3
\BOOKMARK [2][-]{subsection.3.1}{M=2 channels}{section.3}% 4
\BOOKMARK [2][-]{subsection.3.2}{M>2 channels}{section.3}% 5
\BOOKMARK [1][-]{section.4}{Signals that are Sparsely Represented by the MCSFB Transform}{}% 6
\BOOKMARK [1][-]{section.5}{Illustrative Examples I: Exact Calculations}{}% 7
\BOOKMARK [2][-]{subsection.5.1}{Joint vertex-frequency localization of atoms and example analysis coefficients}{section.5}% 8
\BOOKMARK [2][-]{subsection.5.2}{Sparse approximation}{section.5}% 9
\BOOKMARK [1][-]{section.6}{Filter Bank Design}{}% 10
\BOOKMARK [1][-]{section.7}{Non-Uniform Sampling and Reconstruction}{}% 11
\BOOKMARK [1][-]{section.8}{Illustrative Examples II: Approximate Calculations}{}% 12
\BOOKMARK [1][-]{section.9}{Ongoing Work}{}% 13
\BOOKMARK [2][-]{subsection.9.1}{Computational approximations to improve scalability}{section.9}% 14
\BOOKMARK [3][-]{subsubsection.9.1.1}{Sampling}{subsection.9.1}% 15
\BOOKMARK [3][-]{subsubsection.9.1.2}{Filtering}{subsection.9.1}% 16
\BOOKMARK [3][-]{subsubsection.9.1.3}{Interpolation}{subsection.9.1}% 17
\BOOKMARK [2][-]{subsection.9.2}{Reconstruction robustness to noisy or thresholded filter bank coefficients}{section.9}% 18
\BOOKMARK [2][-]{subsection.9.3}{Iterated filter bank}{section.9}% 19
\BOOKMARK [2][-]{subsection.9.4}{Signals that are sparsely represented by the MCSFB transform}{section.9}% 20
\BOOKMARK [1][-]{section*.1}{References}{}% 21
