This is pdfTeX, Version 3.14159265-2.6-1.40.16 (TeX Live 2015) (preloaded format=pdflatex 2015.5.24)  26 FEB 2018 07:16
entering extended mode
 restricted \write18 enabled.
 file:line:error style messages enabled.
 %&-line parsing enabled.
**MCSFB.tex
(./MCSFB.tex
LaTeX2e <2015/01/01>
Babel <3.9l> and hyphenation patterns for 79 languages loaded.
(./IEEEtran.cls
Document Class: IEEEtran 2007/03/05 V1.7a by Michael Shell
-- See the "IEEEtran_HOWTO" manual for usage information.
-- http://www.michaelshell.org/tex/ieeetran/
\@IEEEtrantmpdimenA=\dimen102
\@IEEEtrantmpdimenB=\dimen103
\@IEEEtrantmpcountA=\count79
\@IEEEtrantmpcountB=\count80
\@IEEEtrantmptoksA=\toks14
LaTeX Font Info:    Try loading font information for OT1+ptm on input line 366.

(/usr/local/texlive/2015/texmf-dist/tex/latex/psnfss/ot1ptm.fd
File: ot1ptm.fd 2001/06/04 font definitions for OT1/ptm.
)
-- Using 8.5in x 11in (letter) paper.
-- Using PDF output.
\@IEEEnormalsizeunitybaselineskip=\dimen104
-- This is a 10 point document.
\CLASSINFOnormalsizebaselineskip=\dimen105
\CLASSINFOnormalsizeunitybaselineskip=\dimen106
\IEEEnormaljot=\dimen107
LaTeX Font Info:    Font shape `OT1/ptm/bx/n' in size <5> not available
(Font)              Font shape `OT1/ptm/b/n' tried instead on input line 724.
LaTeX Font Info:    Font shape `OT1/ptm/bx/it' in size <5> not available
(Font)              Font shape `OT1/ptm/b/it' tried instead on input line 724.
LaTeX Font Info:    Font shape `OT1/ptm/bx/n' in size <7> not available
(Font)              Font shape `OT1/ptm/b/n' tried instead on input line 724.
LaTeX Font Info:    Font shape `OT1/ptm/bx/it' in size <7> not available
(Font)              Font shape `OT1/ptm/b/it' tried instead on input line 724.
LaTeX Font Info:    Font shape `OT1/ptm/bx/n' in size <8> not available
(Font)              Font shape `OT1/ptm/b/n' tried instead on input line 724.
LaTeX Font Info:    Font shape `OT1/ptm/bx/it' in size <8> not available
(Font)              Font shape `OT1/ptm/b/it' tried instead on input line 724.
LaTeX Font Info:    Font shape `OT1/ptm/bx/n' in size <9> not available
(Font)              Font shape `OT1/ptm/b/n' tried instead on input line 724.
LaTeX Font Info:    Font shape `OT1/ptm/bx/it' in size <9> not available
(Font)              Font shape `OT1/ptm/b/it' tried instead on input line 724.
LaTeX Font Info:    Font shape `OT1/ptm/bx/n' in size <10> not available
(Font)              Font shape `OT1/ptm/b/n' tried instead on input line 724.
LaTeX Font Info:    Font shape `OT1/ptm/bx/it' in size <10> not available
(Font)              Font shape `OT1/ptm/b/it' tried instead on input line 724.
LaTeX Font Info:    Font shape `OT1/ptm/bx/n' in size <11> not available
(Font)              Font shape `OT1/ptm/b/n' tried instead on input line 724.
LaTeX Font Info:    Font shape `OT1/ptm/bx/it' in size <11> not available
(Font)              Font shape `OT1/ptm/b/it' tried instead on input line 724.
LaTeX Font Info:    Font shape `OT1/ptm/bx/n' in size <12> not available
(Font)              Font shape `OT1/ptm/b/n' tried instead on input line 724.
LaTeX Font Info:    Font shape `OT1/ptm/bx/it' in size <12> not available
(Font)              Font shape `OT1/ptm/b/it' tried instead on input line 724.
LaTeX Font Info:    Font shape `OT1/ptm/bx/n' in size <17> not available
(Font)              Font shape `OT1/ptm/b/n' tried instead on input line 724.
LaTeX Font Info:    Font shape `OT1/ptm/bx/it' in size <17> not available
(Font)              Font shape `OT1/ptm/b/it' tried instead on input line 724.
LaTeX Font Info:    Font shape `OT1/ptm/bx/n' in size <20> not available
(Font)              Font shape `OT1/ptm/b/n' tried instead on input line 724.
LaTeX Font Info:    Font shape `OT1/ptm/bx/it' in size <20> not available
(Font)              Font shape `OT1/ptm/b/it' tried instead on input line 724.
LaTeX Font Info:    Font shape `OT1/ptm/bx/n' in size <24> not available
(Font)              Font shape `OT1/ptm/b/n' tried instead on input line 724.
LaTeX Font Info:    Font shape `OT1/ptm/bx/it' in size <24> not available
(Font)              Font shape `OT1/ptm/b/it' tried instead on input line 724.
\IEEEilabelindentA=\dimen108
\IEEEilabelindentB=\dimen109
\IEEEilabelindent=\dimen110
\IEEEelabelindent=\dimen111
\IEEEdlabelindent=\dimen112
\IEEElabelindent=\dimen113
\IEEEiednormlabelsep=\dimen114
\IEEEiedmathlabelsep=\dimen115
\IEEEiedtopsep=\skip41
\c@section=\count81
\c@subsection=\count82
\c@subsubsection=\count83
\c@paragraph=\count84
\c@IEEEsubequation=\count85
\abovecaptionskip=\skip42
\belowcaptionskip=\skip43
\c@figure=\count86
\c@table=\count87
\@IEEEeqnnumcols=\count88
\@IEEEeqncolcnt=\count89
\@IEEEtmpitemindent=\dimen116
\c@IEEEbiography=\count90
\@IEEEtranrubishbin=\box26
)
** ATTENTION: Overriding command lockouts (line 3).
(./preamble.tex
(/usr/local/texlive/2015/texmf-dist/tex/latex/geometry/geometry.sty
Package: geometry 2010/09/12 v5.6 Page Geometry

(/usr/local/texlive/2015/texmf-dist/tex/latex/graphics/keyval.sty
Package: keyval 2014/10/28 v1.15 key=value parser (DPC)
\KV@toks@=\toks15
)
(/usr/local/texlive/2015/texmf-dist/tex/generic/oberdiek/ifpdf.sty
Package: ifpdf 2011/01/30 v2.3 Provides the ifpdf switch (HO)
Package ifpdf Info: pdfTeX in PDF mode is detected.
)
(/usr/local/texlive/2015/texmf-dist/tex/generic/oberdiek/ifvtex.sty
Package: ifvtex 2010/03/01 v1.5 Detect VTeX and its facilities (HO)
Package ifvtex Info: VTeX not detected.
)
(/usr/local/texlive/2015/texmf-dist/tex/generic/ifxetex/ifxetex.sty
Package: ifxetex 2010/09/12 v0.6 Provides ifxetex conditional
)
\Gm@cnth=\count91
\Gm@cntv=\count92
\c@Gm@tempcnt=\count93
\Gm@bindingoffset=\dimen117
\Gm@wd@mp=\dimen118
\Gm@odd@mp=\dimen119
\Gm@even@mp=\dimen120
\Gm@layoutwidth=\dimen121
\Gm@layoutheight=\dimen122
\Gm@layouthoffset=\dimen123
\Gm@layoutvoffset=\dimen124
\Gm@dimlist=\toks16
)
(/usr/local/texlive/2015/texmf-dist/tex/latex/graphics/graphicx.sty
Package: graphicx 2014/10/28 v1.0g Enhanced LaTeX Graphics (DPC,SPQR)

(/usr/local/texlive/2015/texmf-dist/tex/latex/graphics/graphics.sty
Package: graphics 2014/10/28 v1.0p Standard LaTeX Graphics (DPC,SPQR)

(/usr/local/texlive/2015/texmf-dist/tex/latex/graphics/trig.sty
Package: trig 1999/03/16 v1.09 sin cos tan (DPC)
)
(/usr/local/texlive/2015/texmf-dist/tex/latex/latexconfig/graphics.cfg
File: graphics.cfg 2010/04/23 v1.9 graphics configuration of TeX Live
)
Package graphics Info: Driver file: pdftex.def on input line 94.

(/usr/local/texlive/2015/texmf-dist/tex/latex/pdftex-def/pdftex.def
File: pdftex.def 2011/05/27 v0.06d Graphics/color for pdfTeX

(/usr/local/texlive/2015/texmf-dist/tex/generic/oberdiek/infwarerr.sty
Package: infwarerr 2010/04/08 v1.3 Providing info/warning/error messages (HO)
)
(/usr/local/texlive/2015/texmf-dist/tex/generic/oberdiek/ltxcmds.sty
Package: ltxcmds 2011/11/09 v1.22 LaTeX kernel commands for general use (HO)
)
\Gread@gobject=\count94
))
\Gin@req@height=\dimen125
\Gin@req@width=\dimen126
)
(/usr/local/texlive/2015/texmf-dist/tex/latex/amsfonts/amssymb.sty
Package: amssymb 2013/01/14 v3.01 AMS font symbols

(/usr/local/texlive/2015/texmf-dist/tex/latex/amsfonts/amsfonts.sty
Package: amsfonts 2013/01/14 v3.01 Basic AMSFonts support
\@emptytoks=\toks17
\symAMSa=\mathgroup4
\symAMSb=\mathgroup5
LaTeX Font Info:    Overwriting math alphabet `\mathfrak' in version `bold'
(Font)                  U/euf/m/n --> U/euf/b/n on input line 106.
))
(/usr/local/texlive/2015/texmf-dist/tex/latex/amsmath/amsmath.sty
Package: amsmath 2013/01/14 v2.14 AMS math features
\@mathmargin=\skip44

For additional information on amsmath, use the `?' option.
(/usr/local/texlive/2015/texmf-dist/tex/latex/amsmath/amstext.sty
Package: amstext 2000/06/29 v2.01

(/usr/local/texlive/2015/texmf-dist/tex/latex/amsmath/amsgen.sty
File: amsgen.sty 1999/11/30 v2.0
\@emptytoks=\toks18
\ex@=\dimen127
))
(/usr/local/texlive/2015/texmf-dist/tex/latex/amsmath/amsbsy.sty
Package: amsbsy 1999/11/29 v1.2d
\pmbraise@=\dimen128
)
(/usr/local/texlive/2015/texmf-dist/tex/latex/amsmath/amsopn.sty
Package: amsopn 1999/12/14 v2.01 operator names
)
\inf@bad=\count95
LaTeX Info: Redefining \frac on input line 210.
\uproot@=\count96
\leftroot@=\count97
LaTeX Info: Redefining \overline on input line 306.
\classnum@=\count98
\DOTSCASE@=\count99
LaTeX Info: Redefining \ldots on input line 378.
LaTeX Info: Redefining \dots on input line 381.
LaTeX Info: Redefining \cdots on input line 466.
\Mathstrutbox@=\box27
\strutbox@=\box28
\big@size=\dimen129
LaTeX Font Info:    Redeclaring font encoding OML on input line 566.
LaTeX Font Info:    Redeclaring font encoding OMS on input line 567.
\macc@depth=\count100
\c@MaxMatrixCols=\count101
\dotsspace@=\muskip10
\c@parentequation=\count102
\dspbrk@lvl=\count103
\tag@help=\toks19
\row@=\count104
\column@=\count105
\maxfields@=\count106
\andhelp@=\toks20
\eqnshift@=\dimen130
\alignsep@=\dimen131
\tagshift@=\dimen132
\tagwidth@=\dimen133
\totwidth@=\dimen134
\lineht@=\dimen135
\@envbody=\toks21
\multlinegap=\skip45
\multlinetaggap=\skip46
\mathdisplay@stack=\toks22
LaTeX Info: Redefining \[ on input line 2665.
LaTeX Info: Redefining \] on input line 2666.
)
(/usr/local/texlive/2015/texmf-dist/tex/latex/amscls/amsthm.sty
Package: amsthm 2015/03/04 v2.20.2
\thm@style=\toks23
\thm@bodyfont=\toks24
\thm@headfont=\toks25
\thm@notefont=\toks26
\thm@headpunct=\toks27
\thm@preskip=\skip47
\thm@postskip=\skip48
\thm@headsep=\skip49
\dth@everypar=\toks28
)
(/usr/local/texlive/2015/texmf-dist/tex/latex/hyperref/hyperref.sty
Package: hyperref 2012/11/06 v6.83m Hypertext links for LaTeX

(/usr/local/texlive/2015/texmf-dist/tex/generic/oberdiek/hobsub-hyperref.sty
Package: hobsub-hyperref 2012/05/28 v1.13 Bundle oberdiek, subset hyperref (HO)


(/usr/local/texlive/2015/texmf-dist/tex/generic/oberdiek/hobsub-generic.sty
Package: hobsub-generic 2012/05/28 v1.13 Bundle oberdiek, subset generic (HO)
Package: hobsub 2012/05/28 v1.13 Construct package bundles (HO)
Package hobsub Info: Skipping package `infwarerr' (already loaded).
Package hobsub Info: Skipping package `ltxcmds' (already loaded).
Package: ifluatex 2010/03/01 v1.3 Provides the ifluatex switch (HO)
Package ifluatex Info: LuaTeX not detected.
Package hobsub Info: Skipping package `ifvtex' (already loaded).
Package: intcalc 2007/09/27 v1.1 Expandable calculations with integers (HO)
Package hobsub Info: Skipping package `ifpdf' (already loaded).
Package: etexcmds 2011/02/16 v1.5 Avoid name clashes with e-TeX commands (HO)
Package etexcmds Info: Could not find \expanded.
(etexcmds)             That can mean that you are not using pdfTeX 1.50 or
(etexcmds)             that some package has redefined \expanded.
(etexcmds)             In the latter case, load this package earlier.
Package: kvsetkeys 2012/04/25 v1.16 Key value parser (HO)
Package: kvdefinekeys 2011/04/07 v1.3 Define keys (HO)
Package: pdftexcmds 2011/11/29 v0.20 Utility functions of pdfTeX for LuaTeX (HO
)
Package pdftexcmds Info: LuaTeX not detected.
Package pdftexcmds Info: \pdf@primitive is available.
Package pdftexcmds Info: \pdf@ifprimitive is available.
Package pdftexcmds Info: \pdfdraftmode found.
Package: pdfescape 2011/11/25 v1.13 Implements pdfTeX's escape features (HO)
Package: bigintcalc 2012/04/08 v1.3 Expandable calculations on big integers (HO
)
Package: bitset 2011/01/30 v1.1 Handle bit-vector datatype (HO)
Package: uniquecounter 2011/01/30 v1.2 Provide unlimited unique counter (HO)
)
Package hobsub Info: Skipping package `hobsub' (already loaded).
Package: letltxmacro 2010/09/02 v1.4 Let assignment for LaTeX macros (HO)
Package: hopatch 2012/05/28 v1.2 Wrapper for package hooks (HO)
Package: xcolor-patch 2011/01/30 xcolor patch
Package: atveryend 2011/06/30 v1.8 Hooks at the very end of document (HO)
Package atveryend Info: \enddocument detected (standard20110627).
Package: atbegshi 2011/10/05 v1.16 At begin shipout hook (HO)
Package: refcount 2011/10/16 v3.4 Data extraction from label references (HO)
Package: hycolor 2011/01/30 v1.7 Color options for hyperref/bookmark (HO)
)
(/usr/local/texlive/2015/texmf-dist/tex/latex/oberdiek/auxhook.sty
Package: auxhook 2011/03/04 v1.3 Hooks for auxiliary files (HO)
)
(/usr/local/texlive/2015/texmf-dist/tex/latex/oberdiek/kvoptions.sty
Package: kvoptions 2011/06/30 v3.11 Key value format for package options (HO)
)
\@linkdim=\dimen136
\Hy@linkcounter=\count107
\Hy@pagecounter=\count108

(/usr/local/texlive/2015/texmf-dist/tex/latex/hyperref/pd1enc.def
File: pd1enc.def 2012/11/06 v6.83m Hyperref: PDFDocEncoding definition (HO)
)
\Hy@SavedSpaceFactor=\count109

(/usr/local/texlive/2015/texmf-dist/tex/latex/latexconfig/hyperref.cfg
File: hyperref.cfg 2002/06/06 v1.2 hyperref configuration of TeXLive
)
Package hyperref Info: Hyper figures OFF on input line 4443.
Package hyperref Info: Link nesting OFF on input line 4448.
Package hyperref Info: Hyper index ON on input line 4451.
Package hyperref Info: Plain pages OFF on input line 4458.
Package hyperref Info: Backreferencing OFF on input line 4463.
Package hyperref Info: Implicit mode ON; LaTeX internals redefined.
Package hyperref Info: Bookmarks ON on input line 4688.
\c@Hy@tempcnt=\count110

(/usr/local/texlive/2015/texmf-dist/tex/latex/url/url.sty
\Urlmuskip=\muskip11
Package: url 2013/09/16  ver 3.4  Verb mode for urls, etc.
)
LaTeX Info: Redefining \url on input line 5041.
\XeTeXLinkMargin=\dimen137
\Fld@menulength=\count111
\Field@Width=\dimen138
\Fld@charsize=\dimen139
Package hyperref Info: Hyper figures OFF on input line 6295.
Package hyperref Info: Link nesting OFF on input line 6300.
Package hyperref Info: Hyper index ON on input line 6303.
Package hyperref Info: backreferencing OFF on input line 6310.
Package hyperref Info: Link coloring OFF on input line 6315.
Package hyperref Info: Link coloring with OCG OFF on input line 6320.
Package hyperref Info: PDF/A mode OFF on input line 6325.
LaTeX Info: Redefining \ref on input line 6365.
LaTeX Info: Redefining \pageref on input line 6369.
\Hy@abspage=\count112
\c@Item=\count113
\c@Hfootnote=\count114
)

Package hyperref Message: Driver (autodetected): hpdftex.

(/usr/local/texlive/2015/texmf-dist/tex/latex/hyperref/hpdftex.def
File: hpdftex.def 2012/11/06 v6.83m Hyperref driver for pdfTeX
\Fld@listcount=\count115
\c@bookmark@seq@number=\count116

(/usr/local/texlive/2015/texmf-dist/tex/latex/oberdiek/rerunfilecheck.sty
Package: rerunfilecheck 2011/04/15 v1.7 Rerun checks for auxiliary files (HO)
Package uniquecounter Info: New unique counter `rerunfilecheck' on input line 2
82.
)
\Hy@SectionHShift=\skip50
)
(/usr/local/texlive/2015/texmf-dist/tex/latex/algorithms/algorithm.sty
Package: algorithm 2009/08/24 v0.1 Document Style `algorithm' - floating enviro
nment

(/usr/local/texlive/2015/texmf-dist/tex/latex/float/float.sty
Package: float 2001/11/08 v1.3d Float enhancements (AL)
\c@float@type=\count117
\float@exts=\toks29
\float@box=\box29
\@float@everytoks=\toks30
\@floatcapt=\box30
)
(/usr/local/texlive/2015/texmf-dist/tex/latex/base/ifthen.sty
Package: ifthen 2014/09/29 v1.1c Standard LaTeX ifthen package (DPC)
)
\@float@every@algorithm=\toks31
\c@algorithm=\count118
)
(/usr/local/texlive/2015/texmf-dist/tex/latex/algorithmicx/algpseudocode.sty
Package: algpseudocode 

(/usr/local/texlive/2015/texmf-dist/tex/latex/algorithmicx/algorithmicx.sty
Package: algorithmicx 2005/04/27 v1.2 Algorithmicx

Document Style algorithmicx 1.2 - a greatly improved `algorithmic' style
\c@ALG@line=\count119
\c@ALG@rem=\count120
\c@ALG@nested=\count121
\ALG@tlm=\skip51
\ALG@thistlm=\skip52
\c@ALG@Lnr=\count122
\c@ALG@blocknr=\count123
\c@ALG@storecount=\count124
\c@ALG@tmpcounter=\count125
\ALG@tmplength=\skip53
)
Document Style - pseudocode environments for use with the `algorithmicx' style
) (/usr/local/texlive/2015/texmf-dist/tex/latex/mathtools/mathtools.sty
Package: mathtools 2015/05/11 v1.16 mathematical typesetting tools

(/usr/local/texlive/2015/texmf-dist/tex/latex/tools/calc.sty
Package: calc 2014/10/28 v4.3 Infix arithmetic (KKT,FJ)
\calc@Acount=\count126
\calc@Bcount=\count127
\calc@Adimen=\dimen140
\calc@Bdimen=\dimen141
\calc@Askip=\skip54
\calc@Bskip=\skip55
LaTeX Info: Redefining \setlength on input line 80.
LaTeX Info: Redefining \addtolength on input line 81.
\calc@Ccount=\count128
\calc@Cskip=\skip56
)
(/usr/local/texlive/2015/texmf-dist/tex/latex/mathtools/mhsetup.sty
Package: mhsetup 2010/01/21 v1.2a programming setup (MH)
)
LaTeX Info: Thecontrolsequence`\('isalreadyrobust on input line 129.
LaTeX Info: Thecontrolsequence`\)'isalreadyrobust on input line 129.
LaTeX Info: Thecontrolsequence`\['isalreadyrobust on input line 129.
LaTeX Info: Thecontrolsequence`\]'isalreadyrobust on input line 129.
\g_MT_multlinerow_int=\count129
\l_MT_multwidth_dim=\dimen142
\origjot=\skip57
\l_MT_shortvdotswithinadjustabove_dim=\dimen143
\l_MT_shortvdotswithinadjustbelow_dim=\dimen144
\l_MT_above_intertext_sep=\dimen145
\l_MT_below_intertext_sep=\dimen146
\l_MT_above_shortintertext_sep=\dimen147
\l_MT_below_shortintertext_sep=\dimen148
)
(/usr/local/texlive/2015/texmf-dist/tex/latex/oberdiek/epstopdf.sty
Package: epstopdf 2010/02/09 v2.5 Conversion with epstopdf on the fly (HO)

(/usr/local/texlive/2015/texmf-dist/tex/latex/oberdiek/epstopdf-base.sty
Package: epstopdf-base 2010/02/09 v2.5 Base part for package epstopdf

(/usr/local/texlive/2015/texmf-dist/tex/latex/oberdiek/grfext.sty
Package: grfext 2010/08/19 v1.1 Manage graphics extensions (HO)
)
Package grfext Info: Graphics extension search list:
(grfext)             [.png,.pdf,.jpg,.mps,.jpeg,.jbig2,.jb2,.PNG,.PDF,.JPG,.JPE
G,.JBIG2,.JB2,.eps]
(grfext)             \AppendGraphicsExtensions on input line 452.

(/usr/local/texlive/2015/texmf-dist/tex/latex/latexconfig/epstopdf-sys.cfg
File: epstopdf-sys.cfg 2010/07/13 v1.3 Configuration of (r)epstopdf for TeX Liv
e
)))
(/usr/local/texlive/2015/texmf-dist/tex/latex/dblfloatfix/dblfloatfix.sty
Package: dblfloatfix 2012/12/31 v1.0a (JAW)

(/usr/local/texlive/2015/texmf-dist/tex/latex/base/fixltx2e.sty
Package: fixltx2e 2015/02/21 v2.0a fixes to LaTeX (obsolete)


Package fixltx2e Warning: fixltx2e is not required with releases after 2015
(fixltx2e)                All fixes are now in the LaTeX kernel.
(fixltx2e)                See the latexrelease package for details.

)
\@dblbotnum=\count130
\c@dblbotnumber=\count131
) (/usr/local/texlive/2015/texmf-dist/tex/latex/graphics/color.sty
Package: color 2014/10/28 v1.1a Standard LaTeX Color (DPC)

(/usr/local/texlive/2015/texmf-dist/tex/latex/latexconfig/color.cfg
File: color.cfg 2007/01/18 v1.5 color configuration of teTeX/TeXLive
)
Package color Info: Driver file: pdftex.def on input line 142.
)
(/usr/local/texlive/2015/texmf-dist/tex/latex/tools/array.sty
Package: array 2014/10/28 v2.4c Tabular extension package (FMi)
\col@sep=\dimen149
\extrarowheight=\dimen150
\NC@list=\toks32
\extratabsurround=\skip58
\backup@length=\skip59
)
(/usr/local/texlive/2015/texmf-dist/tex/latex/multirow/multirow.sty
\bigstrutjot=\dimen151
)
(/usr/local/texlive/2015/texmf-dist/tex/latex/booktabs/booktabs.sty
Package: booktabs 2005/04/14 v1.61803 publication quality tables
\heavyrulewidth=\dimen152
\lightrulewidth=\dimen153
\cmidrulewidth=\dimen154
\belowrulesep=\dimen155
\belowbottomsep=\dimen156
\aboverulesep=\dimen157
\abovetopsep=\dimen158
\cmidrulesep=\dimen159
\cmidrulekern=\dimen160
\defaultaddspace=\dimen161
\@cmidla=\count132
\@cmidlb=\count133
\@aboverulesep=\dimen162
\@belowrulesep=\dimen163
\@thisruleclass=\count134
\@lastruleclass=\count135
\@thisrulewidth=\dimen164
)
(/usr/local/texlive/2015/texmf-dist/tex/latex/preprint/balance.sty
Package: balance 1999/02/23 4.3 (PWD)
\oldvsize=\dimen165
)
(/usr/local/texlive/2015/texmf-dist/tex/latex/setspace/setspace.sty
Package: setspace 2011/12/19 v6.7a set line spacing
)
\c@theorem=\count136
\c@definition=\count137
\c@problem=\count138
\c@example=\count139
\c@remark=\count140
\c@lemma=\count141
\c@corollary=\count142
\c@proposition=\count143
)
(./MCSFB.aux)
\openout1 = `MCSFB.aux'.

LaTeX Font Info:    Checking defaults for OML/cmm/m/it on input line 7.
LaTeX Font Info:    ... okay on input line 7.
LaTeX Font Info:    Checking defaults for T1/cmr/m/n on input line 7.
LaTeX Font Info:    ... okay on input line 7.
LaTeX Font Info:    Checking defaults for OT1/cmr/m/n on input line 7.
LaTeX Font Info:    ... okay on input line 7.
LaTeX Font Info:    Checking defaults for OMS/cmsy/m/n on input line 7.
LaTeX Font Info:    ... okay on input line 7.
LaTeX Font Info:    Checking defaults for OMX/cmex/m/n on input line 7.
LaTeX Font Info:    ... okay on input line 7.
LaTeX Font Info:    Checking defaults for U/cmr/m/n on input line 7.
LaTeX Font Info:    ... okay on input line 7.
LaTeX Font Info:    Checking defaults for PD1/pdf/m/n on input line 7.
LaTeX Font Info:    ... okay on input line 7.

*geometry* driver: auto-detecting
*geometry* detected driver: pdftex
*geometry* verbose mode - [ preamble ] result:
* driver: pdftex
* paper: letterpaper
* layout: <same size as paper>
* layoutoffset:(h,v)=(0.0pt,0.0pt)
* modes: 
* h-part:(L,W,R)=(72.26999pt, 469.75502pt, 72.26999pt)
* v-part:(T,H,B)=(72.26999pt, 650.43001pt, 72.26999pt)
* \paperwidth=614.295pt
* \paperheight=794.96999pt
* \textwidth=469.75502pt
* \textheight=650.43001pt
* \oddsidemargin=0.0pt
* \evensidemargin=0.0pt
* \topmargin=-30.06749pt
* \headheight=12.0pt
* \headsep=18.06749pt
* \topskip=12.0pt
* \footskip=28.90755pt
* \marginparwidth=20.0pt
* \marginparsep=10.0pt
* \columnsep=12.0pt
* \skip\footins=10.79993pt plus 4.79993pt minus 2.39996pt
* \hoffset=0.0pt
* \voffset=0.0pt
* \mag=1000
* \@twocolumntrue
* \@twosidefalse
* \@mparswitchfalse
* \@reversemarginfalse
* (1in=72.27pt=25.4mm, 1cm=28.453pt)

(/usr/local/texlive/2015/texmf-dist/tex/context/base/supp-pdf.mkii
[Loading MPS to PDF converter (version 2006.09.02).]
\scratchcounter=\count144
\scratchdimen=\dimen166
\scratchbox=\box31
\nofMPsegments=\count145
\nofMParguments=\count146
\everyMPshowfont=\toks33
\MPscratchCnt=\count147
\MPscratchDim=\dimen167
\MPnumerator=\count148
\makeMPintoPDFobject=\count149
\everyMPtoPDFconversion=\toks34
)
\AtBeginShipoutBox=\box32
Package hyperref Info: Link coloring OFF on input line 7.
 (/usr/local/texlive/2015/texmf-dist/tex/latex/hyperref/nameref.sty
Package: nameref 2012/10/27 v2.43 Cross-referencing by name of section

(/usr/local/texlive/2015/texmf-dist/tex/generic/oberdiek/gettitlestring.sty
Package: gettitlestring 2010/12/03 v1.4 Cleanup title references (HO)
)
\c@section@level=\count150
)
LaTeX Info: Redefining \ref on input line 7.
LaTeX Info: Redefining \pageref on input line 7.
LaTeX Info: Redefining \nameref on input line 7.

(./MCSFB.out) (./MCSFB.out)
\@outlinefile=\write3
\openout3 = `MCSFB.out'.

LaTeX Font Info:    Calculating math sizes for size <24> on input line 20.
LaTeX Font Info:    Try loading font information for U+msa on input line 20.

(/usr/local/texlive/2015/texmf-dist/tex/latex/amsfonts/umsa.fd
File: umsa.fd 2013/01/14 v3.01 AMS symbols A
)
LaTeX Font Info:    Try loading font information for U+msb on input line 20.

(/usr/local/texlive/2015/texmf-dist/tex/latex/amsfonts/umsb.fd
File: umsb.fd 2013/01/14 v3.01 AMS symbols B
)
LaTeX Font Info:    Try loading font information for OMS+ptm on input line 20.

(/usr/local/texlive/2015/texmf-dist/tex/latex/psnfss/omsptm.fd
File: omsptm.fd 
)
LaTeX Font Info:    Font shape `OMS/ptm/m/n' in size <8> not available
(Font)              Font shape `OMS/cmsy/m/n' tried instead on input line 20.

<fig_two_channel_classical.pdf, id=104, 621.18071pt x 220.39941pt>
File: fig_two_channel_classical.pdf Graphic file (type pdf)

<use fig_two_channel_classical.pdf>
Package pdftex.def Info: fig_two_channel_classical.pdf used on input line 38.
(pdftex.def)             Requested size: 238.49121pt x 84.61693pt.
 [1{/usr/local/texlive/2015/texmf-var/fonts/map/pdftex/updmap/pdftex.map}


pdfTeX warning (ext4): destination with the same identifier (name{figure.1}) ha
s been already used, duplicate ignored

\AtBegShi@Output ...ipout \box \AtBeginShipoutBox 
                                                  \fi \fi 
l.47 
      <./fig_two_channel_classical.pdf>]

Package hyperref Warning: Token not allowed in a PDF string (PDFDocEncoding):
(hyperref)                removing `math shift' on input line 51.


Package hyperref Warning: Token not allowed in a PDF string (PDFDocEncoding):
(hyperref)                removing `math shift' on input line 51.

<fig_filter_bank.pdf, id=195, 940.74564pt x 405.41734pt>
File: fig_filter_bank.pdf Graphic file (type pdf)

<use fig_filter_bank.pdf>
Package pdftex.def Info: fig_filter_bank.pdf used on input line 65.
(pdftex.def)             Requested size: 224.03743pt x 96.54742pt.

Underfull \hbox (badness 10000) in paragraph at lines 83--85
[][]\OT1/ptm/b/n/10 Lemma 1 \OT1/ptm/m/n/10 ([[]], [[]])\OT1/ptm/b/n/10 . []\OT
1/ptm/m/it/10 The set $\OMS/cmsy/m/n/10 S$ \OT1/ptm/m/it/10 of $\OML/cmm/m/it/1
0 k$
 []


Underfull \hbox (badness 10000) in paragraph at lines 83--85
\OT1/ptm/m/it/10 ver-tices is a unique-ness set for $[]\OT1/cmr/m/n/10 (\OT1/cm
r/bx/n/10 U[]\OT1/cmr/m/n/10 )$ \OT1/ptm/m/it/10 if
 []


Underfull \hbox (badness 10000) in paragraph at lines 83--85
\OT1/ptm/m/it/10 and only if the ma-trix whose columns are
 []


Underfull \hbox (badness 4886) in paragraph at lines 83--85
\OML/cmm/m/it/10 u[]; u[]; [] ; u[]; ^^N[]; ^^N[]; [] ; ^^N[]$ \OT1/ptm/m/it/10
 is non-sin-gu-lar,
 []

<fig_mcsfb_structure3.pdf, id=200, 613.34247pt x 434.07368pt>
File: fig_mcsfb_structure3.pdf Graphic file (type pdf)

<use fig_mcsfb_structure3.pdf>
Package pdftex.def Info: fig_mcsfb_structure3.pdf used on input line 92.
(pdftex.def)             Requested size: 202.35622pt x 143.21164pt.
 [2pdfTeX warning (ext4): destination with the same identifier (name{figure.2})
 has been already used, duplicate ignored

\AtBegShi@Output ...ipout \box \AtBeginShipoutBox 
                                                  \fi \fi 
l.102 
      pdfTeX warning (ext4): destination with the same identifier (name{figure.
3}) has been already used, duplicate ignored

\AtBegShi@Output ...ipout \box \AtBeginShipoutBox 
                                                  \fi \fi 
l.102 
       <./fig_filter_bank.pdf> <./fig_mcsfb_structure3.pdf>]

Package hyperref Warning: Token not allowed in a PDF string (PDFDocEncoding):
(hyperref)                removing `math shift' on input line 103.


Package hyperref Warning: Token not allowed in a PDF string (PDFDocEncoding):
(hyperref)                removing `math shift' on input line 103.

** ATTENTION: \proof is deprecated (line 121). Use \IEEEproof instead.

Underfull \hbox (badness 6625) in paragraph at lines 139--143
\OT1/ptm/m/n/10 Yet, $\OML/cmm/m/it/10 x \OMS/cmsy/m/n/10 2 []\OT1/cmr/m/n/10 (
\OT1/cmr/bx/n/10 U[]\OT1/cmr/m/n/10 )$ \OT1/ptm/m/n/10 im-plies $\OML/cmm/m/it/
10 x$ \OT1/ptm/m/n/10 is or-thog-o-nal
 []


Underfull \hbox (badness 10000) in paragraph at lines 139--143
\OT1/ptm/m/n/10 to $\OML/cmm/m/it/10 u[]; u[]; [] ; u[]$\OT1/ptm/m/n/10 , and, 
sim-i-larly, $\OML/cmm/m/it/10 x \OMS/cmsy/m/n/10 2
 []


Underfull \hbox (badness 3229) in paragraph at lines 139--143
[]\OT1/cmr/m/n/10 (\OML/cmm/m/it/10 ^^N[]; ^^N[]; [] ; ^^N[]\OT1/cmr/m/n/10 )$ 
\OT1/ptm/m/n/10 im-plies $\OML/cmm/m/it/10 x$ \OT1/ptm/m/n/10 is or-thog-o-nal 
to
 []


Underfull \hbox (badness 5316) in paragraph at lines 139--143
\OML/cmm/m/it/10 ^^N[]; ^^N[]; [] ; ^^N[]:$ \OT1/ptm/m/n/10 In ma-trix no-ta-ti
on, we have
 []


Package hyperref Warning: Token not allowed in a PDF string (PDFDocEncoding):
(hyperref)                removing `math shift' on input line 147.


Package hyperref Warning: Token not allowed in a PDF string (PDFDocEncoding):
(hyperref)                removing `math shift' on input line 147.

** ATTENTION: \proof is deprecated (line 153). Use \IEEEproof instead.

Underfull \hbox (badness 2698) in paragraph at lines 165--170
[][]\OT1/ptm/b/n/10 Corollary 1. []\OT1/ptm/m/it/10 For any par-ti-tion $\OMS/c
msy/m/n/10 fR[]\OML/cmm/m/it/10 ; \OMS/cmsy/m/n/10 R[]\OML/cmm/m/it/10 ; [] \OM
S/cmsy/m/n/10 R[]g$
 []


Underfull \hbox (badness 10000) in paragraph at lines 165--170
\OT1/ptm/m/it/10 of the graph Lapla-cian eigen-value in-dices
 []


Underfull \hbox (badness 1888) in paragraph at lines 165--170
\OMS/cmsy/m/n/10 f\OT1/cmr/m/n/10 0\OML/cmm/m/it/10 ; \OT1/cmr/m/n/10 1\OML/cmm
/m/it/10 ; [] ; N \OMS/cmsy/m/n/10 ^^@ \OT1/cmr/m/n/10 1\OMS/cmsy/m/n/10 g$ \OT
1/ptm/m/it/10 into $\OML/cmm/m/it/10 M$ \OT1/ptm/m/it/10 sub-sets, there ex-ist
s a
 []

** ATTENTION: \proof is deprecated (line 171). Use \IEEEproof instead.
[3]
Package hyperref Info: bookmark level for unknown algorithm defaults to 0 on in
put line 179.

Underfull \hbox (badness 4254) in paragraph at lines 185--186
[] \OT1/ptm/m/n/10 Find sets $\OML/cmm/m/it/10 ^^M[]; ^^M[] \OMS/cmsy/m/n/10 ^^
Z S[]$ \OT1/ptm/m/n/10 s.t. $\OT1/cmr/bx/n/10 U[]$ \OT1/ptm/m/n/10 and
 []

LaTeX Font Info:    Font shape `OMS/ptm/m/n' in size <10> not available
(Font)              Font shape `OMS/cmsy/m/n' tried instead on input line 194.
<fig_uniq_part_sensor3.pdf, id=309, 407.77113pt x 355.31546pt>
File: fig_uniq_part_sensor3.pdf Graphic file (type pdf)

<use fig_uniq_part_sensor3.pdf>
Package pdftex.def Info: fig_uniq_part_sensor3.pdf used on input line 206.
(pdftex.def)             Requested size: 96.44691pt x 84.03587pt.

<fig_uniq_part_col2.pdf, id=310, 50.12828pt x 351.80833pt>
File: fig_uniq_part_col2.pdf Graphic file (type pdf)

<use fig_uniq_part_col2.pdf>
Package pdftex.def Info: fig_uniq_part_col2.pdf used on input line 210.
(pdftex.def)             Requested size: 10.30003pt x 72.28758pt.

<fig_uniq_part_minn4.pdf, id=311, 346.94618pt x 283.7541pt>
File: fig_uniq_part_minn4.pdf Graphic file (type pdf)

<use fig_uniq_part_minn4.pdf>
Package pdftex.def Info: fig_uniq_part_minn4.pdf used on input line 214.
(pdftex.def)             Requested size: 105.28519pt x 86.1054pt.

<fig_bunny_atom_scalinga.png, id=314, 480.79625pt x 354.32375pt>
File: fig_bunny_atom_scalinga.png Graphic file (type png)

<use fig_bunny_atom_scalinga.png>
Package pdftex.def Info: fig_bunny_atom_scalinga.png used on input line 252.
(pdftex.def)             Requested size: 63.8886pt x 47.08012pt.

<fig_bunny_atom_wav1a.png, id=316, 480.79625pt x 354.32375pt>
File: fig_bunny_atom_wav1a.png Graphic file (type png)

<use fig_bunny_atom_wav1a.png>
Package pdftex.def Info: fig_bunny_atom_wav1a.png used on input line 255.
(pdftex.def)             Requested size: 63.8886pt x 47.08012pt.

<fig_bunny_atom_wav2a.png, id=317, 480.79625pt x 354.32375pt>
File: fig_bunny_atom_wav2a.png Graphic file (type png)

<use fig_bunny_atom_wav2a.png>
Package pdftex.def Info: fig_bunny_atom_wav2a.png used on input line 258.
(pdftex.def)             Requested size: 63.8886pt x 47.08012pt.

<fig_bunny_atom_wav3a.png, id=318, 480.79625pt x 354.32375pt>
File: fig_bunny_atom_wav3a.png Graphic file (type png)

<use fig_bunny_atom_wav3a.png>
Package pdftex.def Info: fig_bunny_atom_wav3a.png used on input line 261.
(pdftex.def)             Requested size: 63.8886pt x 47.08012pt.

<fig_bunny_atom_wav4a.png, id=319, 480.79625pt x 354.32375pt>
File: fig_bunny_atom_wav4a.png Graphic file (type png)

<use fig_bunny_atom_wav4a.png>
Package pdftex.def Info: fig_bunny_atom_wav4a.png used on input line 264.
(pdftex.def)             Requested size: 63.8886pt x 47.08012pt.

<fig_bunny_freq_scaling3.png, id=320, 516.93124pt x 403.5075pt>
File: fig_bunny_freq_scaling3.png Graphic file (type png)

<use fig_bunny_freq_scaling3.png>
Package pdftex.def Info: fig_bunny_freq_scaling3.png used on input line 271.
(pdftex.def)             Requested size: 60.13023pt x 46.93497pt.

<fig_bunny_freq_wav1a.png, id=321, 516.93124pt x 403.5075pt>
File: fig_bunny_freq_wav1a.png Graphic file (type png)

<use fig_bunny_freq_wav1a.png>
Package pdftex.def Info: fig_bunny_freq_wav1a.png used on input line 274.
(pdftex.def)             Requested size: 60.13023pt x 46.93497pt.

<fig_bunny_freq_wav2a.png, id=322, 516.93124pt x 403.5075pt>
File: fig_bunny_freq_wav2a.png Graphic file (type png)

<use fig_bunny_freq_wav2a.png>
Package pdftex.def Info: fig_bunny_freq_wav2a.png used on input line 277.
(pdftex.def)             Requested size: 60.13023pt x 46.93497pt.

<fig_bunny_freq_wav3a.png, id=323, 516.93124pt x 403.5075pt>
File: fig_bunny_freq_wav3a.png Graphic file (type png)

<use fig_bunny_freq_wav3a.png>
Package pdftex.def Info: fig_bunny_freq_wav3a.png used on input line 280.
(pdftex.def)             Requested size: 60.13023pt x 46.93497pt.

<fig_bunny_freq_wav4a.png, id=324, 516.93124pt x 403.5075pt>
File: fig_bunny_freq_wav4a.png Graphic file (type png)

<use fig_bunny_freq_wav4a.png>
Package pdftex.def Info: fig_bunny_freq_wav4a.png used on input line 283.
(pdftex.def)             Requested size: 60.13023pt x 46.93497pt.


pdfTeX warning: /usr/texbin/pdflatex (file ./fig_bunny_coef_scaling.pdf): PDF i
nclusion: found PDF version <1.6>, but at most version <1.5> allowed
<fig_bunny_coef_scaling.pdf, id=325, 426.51346pt x 340.8735pt>
File: fig_bunny_coef_scaling.pdf Graphic file (type pdf)

<use fig_bunny_coef_scaling.pdf>
Package pdftex.def Info: fig_bunny_coef_scaling.pdf used on input line 290.
(pdftex.def)             Requested size: 60.13023pt x 48.05484pt.


pdfTeX warning: /usr/texbin/pdflatex (file ./fig_bunny_coef_wav1.pdf): PDF incl
usion: found PDF version <1.6>, but at most version <1.5> allowed
<fig_bunny_coef_wav1.pdf, id=326, 426.51346pt x 340.8735pt>
File: fig_bunny_coef_wav1.pdf Graphic file (type pdf)

<use fig_bunny_coef_wav1.pdf>
Package pdftex.def Info: fig_bunny_coef_wav1.pdf used on input line 293.
(pdftex.def)             Requested size: 60.13023pt x 48.05484pt.


pdfTeX warning: /usr/texbin/pdflatex (file ./fig_bunny_coef_wav2.pdf): PDF incl
usion: found PDF version <1.6>, but at most version <1.5> allowed
<fig_bunny_coef_wav2.pdf, id=327, 426.51346pt x 340.8735pt>
File: fig_bunny_coef_wav2.pdf Graphic file (type pdf)

<use fig_bunny_coef_wav2.pdf>
Package pdftex.def Info: fig_bunny_coef_wav2.pdf used on input line 296.
(pdftex.def)             Requested size: 60.13023pt x 48.05484pt.


pdfTeX warning: /usr/texbin/pdflatex (file ./fig_bunny_coef_wav3.pdf): PDF incl
usion: found PDF version <1.6>, but at most version <1.5> allowed
<fig_bunny_coef_wav3.pdf, id=328, 426.51346pt x 340.8735pt>
File: fig_bunny_coef_wav3.pdf Graphic file (type pdf)

<use fig_bunny_coef_wav3.pdf>
Package pdftex.def Info: fig_bunny_coef_wav3.pdf used on input line 299.
(pdftex.def)             Requested size: 60.13023pt x 48.05484pt.

<fig_bunny_coef_wav4.pdf, id=329, 455.30101pt x 361.35pt>
File: fig_bunny_coef_wav4.pdf Graphic file (type pdf)

<use fig_bunny_coef_wav4.pdf>
Package pdftex.def Info: fig_bunny_coef_wav4.pdf used on input line 302.
(pdftex.def)             Requested size: 63.8886pt x 50.70444pt.


pdfTeX warning: /usr/texbin/pdflatex (file ./fig_bunny_rec_scaling.pdf): PDF in
clusion: found PDF version <1.6>, but at most version <1.5> allowed
<fig_bunny_rec_scaling.pdf, id=330, 423.38174pt x 338.46451pt>
File: fig_bunny_rec_scaling.pdf Graphic file (type pdf)

<use fig_bunny_rec_scaling.pdf>
Package pdftex.def Info: fig_bunny_rec_scaling.pdf used on input line 309.
(pdftex.def)             Requested size: 60.13023pt x 48.06642pt.


pdfTeX warning: /usr/texbin/pdflatex (file ./fig_bunny_rec_wav1.pdf): PDF inclu
sion: found PDF version <1.6>, but at most version <1.5> allowed
<fig_bunny_rec_wav1.pdf, id=331, 426.51346pt x 340.8735pt>
File: fig_bunny_rec_wav1.pdf Graphic file (type pdf)

<use fig_bunny_rec_wav1.pdf>
Package pdftex.def Info: fig_bunny_rec_wav1.pdf used on input line 312.
(pdftex.def)             Requested size: 60.13023pt x 48.05484pt.


pdfTeX warning: /usr/texbin/pdflatex (file ./fig_bunny_rec_wav2.pdf): PDF inclu
sion: found PDF version <1.6>, but at most version <1.5> allowed
<fig_bunny_rec_wav2.pdf, id=332, 426.51346pt x 340.8735pt>
File: fig_bunny_rec_wav2.pdf Graphic file (type pdf)

<use fig_bunny_rec_wav2.pdf>
Package pdftex.def Info: fig_bunny_rec_wav2.pdf used on input line 315.
(pdftex.def)             Requested size: 60.13023pt x 48.05484pt.


pdfTeX warning: /usr/texbin/pdflatex (file ./fig_bunny_rec_wav3.pdf): PDF inclu
sion: found PDF version <1.6>, but at most version <1.5> allowed
<fig_bunny_rec_wav3.pdf, id=333, 426.51346pt x 340.8735pt>
File: fig_bunny_rec_wav3.pdf Graphic file (type pdf)

<use fig_bunny_rec_wav3.pdf>
Package pdftex.def Info: fig_bunny_rec_wav3.pdf used on input line 318.
(pdftex.def)             Requested size: 60.13023pt x 48.05484pt.

<fig_bunny_rec_wav4.pdf, id=334, 455.30101pt x 361.35pt>
File: fig_bunny_rec_wav4.pdf Graphic file (type pdf)

<use fig_bunny_rec_wav4.pdf>
Package pdftex.def Info: fig_bunny_rec_wav4.pdf used on input line 321.
(pdftex.def)             Requested size: 63.8886pt x 50.70444pt.

<fig_bunny_signal.pdf, id=337, 455.30101pt x 361.35pt>
File: fig_bunny_signal.pdf Graphic file (type pdf)

<use fig_bunny_signal.pdf>
Package pdftex.def Info: fig_bunny_signal.pdf used on input line 328.
(pdftex.def)             Requested size: 87.8885pt x 69.74893pt.

<fig_bunny_signal_hat.pdf, id=338, 517.79158pt x 402.57301pt>
File: fig_bunny_signal_hat.pdf Graphic file (type pdf)

<use fig_bunny_signal_hat.pdf>
Package pdftex.def Info: fig_bunny_signal_hat.pdf used on input line 332.
(pdftex.def)             Requested size: 87.8885pt x 68.32593pt.

<fig_bunny_partition.pdf, id=339, 455.30101pt x 361.35pt>
File: fig_bunny_partition.pdf Graphic file (type pdf)

<use fig_bunny_partition.pdf>
Package pdftex.def Info: fig_bunny_partition.pdf used on input line 336.
(pdftex.def)             Requested size: 87.8885pt x 69.74893pt.

<fig_bunny_coef_all.pdf, id=340, 455.30101pt x 361.35pt>
File: fig_bunny_coef_all.pdf Graphic file (type pdf)

<use fig_bunny_coef_all.pdf>
Package pdftex.def Info: fig_bunny_coef_all.pdf used on input line 340.
(pdftex.def)             Requested size: 87.8885pt x 69.74893pt.
 [4pdfTeX warning (ext4): destination with the same identifier (name{figure.4})
 has been already used, duplicate ignored

\AtBegShi@Output ...ipout \box \AtBeginShipoutBox 
                                                  \fi \fi 
l.351 
       <./fig_uniq_part_sensor3.pdf> <./fig_uniq_part_col2.pdf> <./fig_uniq_par
t_minn4.pdf>] <fig_comp_sig.pdf, id=390, 484.76056pt x 364.30002pt>
File: fig_comp_sig.pdf Graphic file (type pdf)

<use fig_comp_sig.pdf>
Package pdftex.def Info: fig_comp_sig.pdf used on input line 365.
(pdftex.def)             Requested size: 98.87352pt x 74.30399pt.

<fig_comp_sig_hat.pdf, id=391, 495.88803pt x 400.5645pt>
File: fig_comp_sig_hat.pdf Graphic file (type pdf)

<use fig_comp_sig_hat.pdf>
Package pdftex.def Info: fig_comp_sig_hat.pdf used on input line 371.
(pdftex.def)             Requested size: 98.87352pt x 79.86699pt.

<fig_comp_coeff2.pdf, id=392, 552.7587pt x 409.96964pt>
File: fig_comp_coeff2.pdf Graphic file (type pdf)

<use fig_comp_coeff2.pdf>
Package pdftex.def Info: fig_comp_coeff2.pdf used on input line 376.
(pdftex.def)             Requested size: 105.46654pt x 78.22032pt.

<fig_comp_error.pdf, id=393, 568.00188pt x 408.25124pt>
File: fig_comp_error.pdf Graphic file (type pdf)

<use fig_comp_error.pdf>
Package pdftex.def Info: fig_comp_error.pdf used on input line 380.
(pdftex.def)             Requested size: 107.66254pt x 77.38165pt.
 [5pdfTeX warning (ext4): destination with the same identifier (name{figure.5})
 has been already used, duplicate ignored

\AtBegShi@Output ...ipout \box \AtBeginShipoutBox 
                                                  \fi \fi 
l.410 {\color{red} E
                    liminate once we've covered all of these issues elsewhere.}
pdfTeX warning (ext4): destination with the same identifier (name{figure.6}) ha
s been already used, duplicate ignored

\AtBegShi@Output ...ipout \box \AtBeginShipoutBox 
                                                  \fi \fi 
l.410 {\color{red} E
                    liminate once we've covered all of these issues elsewhere.}
 <./fig_bunny_atom_scalinga.png> <./fig_bunny_atom_wav1a.png> <./fig_bunny_atom
_wav2a.png> <./fig_bunny_atom_wav3a.png> <./fig_bunny_atom_wav4a.png> <./fig_bu
nny_freq_scaling3.png> <./fig_bunny_freq_wav1a.png> <./fig_bunny_freq_wav2a.png
> <./fig_bunny_freq_wav3a.png> <./fig_bunny_freq_wav4a.png> <./fig_bunny_coef_s
caling.pdf> <./fig_bunny_coef_wav1.pdf> <./fig_bunny_coef_wav2.pdf> <./fig_bunn
y_coef_wav3.pdf> <./fig_bunny_coef_wav4.pdf> <./fig_bunny_rec_scaling.pdf> <./f
ig_bunny_rec_wav1.pdf> <./fig_bunny_rec_wav2.pdf> <./fig_bunny_rec_wav3.pdf> <.
/fig_bunny_rec_wav4.pdf> <./fig_bunny_signal.pdf> <./fig_bunny_signal_hat.pdf> 
<./fig_bunny_partition.pdf> <./fig_bunny_coef_all.pdf>] [6pdfTeX warning (ext4)
: destination with the same identifier (name{figure.7}) has been already used, 
duplicate ignored

\AtBegShi@Output ...ipout \box \AtBeginShipoutBox 
                                                  \fi \fi 
l.436 
       <./fig_comp_sig.pdf> <./fig_comp_sig_hat.pdf> <./fig_comp_coeff2.pdf> <.
/fig_comp_error.pdf>] (./MCSFB.bbl
Underfull \hbox (badness 5711) in paragraph at lines 230--232
[]\OT1/ptm/m/n/8 Wikipedia,  []$https : / / en . wikipedia . org / wiki / Stein
itz[]exchange[]
 []


Overfull \vbox (1.2834pt too high) has occurred while \output is active []


Overfull \vbox (3.54651pt too high) has occurred while \output is active []


[7])
Package atveryend Info: Empty hook `BeforeClearDocument' on input line 442.
 [8]
Package atveryend Info: Empty hook `AfterLastShipout' on input line 442.
 (./MCSFB.aux)
Package atveryend Info: Executing hook `AtVeryEndDocument' on input line 442.
Package atveryend Info: Executing hook `AtEndAfterFileList' on input line 442.
Package rerunfilecheck Info: File `MCSFB.out' has not changed.
(rerunfilecheck)             Checksum: FEE8F2399CD90BF0529FB622EC1D5DC4;1646.


LaTeX Warning: Label(s) may have changed. Rerun to get cross-references right.

Package atveryend Info: Empty hook `AtVeryVeryEnd' on input line 442.
 ) 
Here is how much of TeX's memory you used:
 9011 strings out of 493089
 137431 string characters out of 6134842
 278287 words of memory out of 5000000
 12204 multiletter control sequences out of 15000+600000
 52272 words of font info for 122 fonts, out of 8000000 for 9000
 1141 hyphenation exceptions out of 8191
 32i,13n,32p,1609b,494s stack positions out of 5000i,500n,10000p,200000b,80000s
{/usr/local/texlive/2015/texmf-dist/fonts/enc/dvips/base/8r.enc}</usr/local/t
exlive/2015/texmf-dist/fonts/type1/public/amsfonts/cm/cmbsy10.pfb></usr/local/t
exlive/2015/texmf-dist/fonts/type1/public/amsfonts/cm/cmbx10.pfb></usr/local/te
xlive/2015/texmf-dist/fonts/type1/public/amsfonts/cm/cmbx8.pfb></usr/local/texl
ive/2015/texmf-dist/fonts/type1/public/amsfonts/cm/cmex10.pfb></usr/local/texli
ve/2015/texmf-dist/fonts/type1/public/amsfonts/cmextra/cmex7.pfb></usr/local/te
xlive/2015/texmf-dist/fonts/type1/public/amsfonts/cm/cmmi10.pfb></usr/local/tex
live/2015/texmf-dist/fonts/type1/public/amsfonts/cm/cmmi12.pfb></usr/local/texl
ive/2015/texmf-dist/fonts/type1/public/amsfonts/cm/cmmi5.pfb></usr/local/texliv
e/2015/texmf-dist/fonts/type1/public/amsfonts/cm/cmmi6.pfb></usr/local/texlive/
2015/texmf-dist/fonts/type1/public/amsfonts/cm/cmmi7.pfb></usr/local/texlive/20
15/texmf-dist/fonts/type1/public/amsfonts/cm/cmmi8.pfb></usr/local/texlive/2015
/texmf-dist/fonts/type1/public/amsfonts/cm/cmmi9.pfb></usr/local/texlive/2015/t
exmf-dist/fonts/type1/public/amsfonts/cm/cmr10.pfb></usr/local/texlive/2015/tex
mf-dist/fonts/type1/public/amsfonts/cm/cmr5.pfb></usr/local/texlive/2015/texmf-
dist/fonts/type1/public/amsfonts/cm/cmr6.pfb></usr/local/texlive/2015/texmf-dis
t/fonts/type1/public/amsfonts/cm/cmr7.pfb></usr/local/texlive/2015/texmf-dist/f
onts/type1/public/amsfonts/cm/cmsy10.pfb></usr/local/texlive/2015/texmf-dist/fo
nts/type1/public/amsfonts/cm/cmsy5.pfb></usr/local/texlive/2015/texmf-dist/font
s/type1/public/amsfonts/cm/cmsy6.pfb></usr/local/texlive/2015/texmf-dist/fonts/
type1/public/amsfonts/cm/cmsy7.pfb></usr/local/texlive/2015/texmf-dist/fonts/ty
pe1/public/amsfonts/cm/cmsy8.pfb></usr/local/texlive/2015/texmf-dist/fonts/type
1/public/amsfonts/symbols/msbm10.pfb></usr/local/texlive/2015/texmf-dist/fonts/
type1/public/amsfonts/symbols/msbm7.pfb></usr/local/texlive/2015/texmf-dist/fon
ts/type1/urw/times/utmb8a.pfb></usr/local/texlive/2015/texmf-dist/fonts/type1/u
rw/times/utmbi8a.pfb></usr/local/texlive/2015/texmf-dist/fonts/type1/urw/times/
utmr8a.pfb></usr/local/texlive/2015/texmf-dist/fonts/type1/urw/times/utmri8a.pf
b>
Output written on MCSFB.pdf (8 pages, 2262803 bytes).
PDF statistics:
 764 PDF objects out of 1000 (max. 8388607)
 559 compressed objects within 6 object streams
 96 named destinations out of 1000 (max. 500000)
 339 words of extra memory for PDF output out of 10000 (max. 10000000)

